Arguments: 
  /Users/CA-A/.nvm/versions/node/v10.9.0/bin/node /Users/CA-A/.nvm/versions/node/v10.9.0/bin/yarn

PATH: 
  /Users/CA-A/.nvm/versions/node/v10.9.0/bin:/usr/bin:/bin:/usr/sbin:/sbin:/usr/local/bin:/usr/local/git/bin

Yarn version: 
  1.10.1

Node version: 
  10.9.0

Platform: 
  darwin x64

Trace: 
  Error: EACCES: permission denied, mkdir '/Users/CA-A/Documents/Coding Projects/React_Skeleton/node_modules/define-property/node_modules/kind-of'

npm manifest: 
  {
    "name": "React_Skeleton",
    "version": "1.0.0",
    "description": "",
    "private": true,
    "scripts": {
      "test": "echo \"Error: no test specified\" && exit 1",
      "watch": "webpack --watch --mode development",
      "start": "webpack-dev-server --open --mode development",
      "build": "webpack --mode production"
    },
    "keywords": [],
    "author": "",
    "license": "ISC",
    "devDependencies": {
      "@babel/core": "",
      "babel-loader": "^8.0.0",
      "@babel/preset-env": "",
      "@babel/preset-react": "",
      "ts-loader": "^5.0.0",
      "typescript": "^3.0.3",
      "webpack": "^4.17.1",
      "webpack-cli": "^3.1.0",
      "webpack-dev-server": "^3.1.6"
    },
    "dependencies": {
      "lodash": "^4.17.10",
      "react": "^16.4.2",
      "react-dom": "^16.4.2",
      "react-router": "^3.0.0"
    }
  }

yarn manifest: 
  No manifest

Lockfile: 
  No lockfile
